[Licensing::Module] Trying to connect to existing licensing client channel...
Built from '6000.3/staging' branch; Version is '6000.3.10f1 (e35f0c77bd8e) revision 14901004'; Using compiler version '194234433'; Build Type 'Release'
OS: 'Windows 11  (10.0.26200) Professional' Language: 'es' Physical Memory: 32538 MB
[Licensing::IpcConnector] Successfully connected to: "LicenseClient-PC" at "2026-06-25T19:33:08.9460236Z"
BatchMode: 1, IsHumanControllingUs: 0, StartBugReporterOnCrash: 0, Is64bit: 1
System  architecture: x64
Process architecture: x64
Date: 2026-06-25T19:33:08Z

COMMAND LINE ARGUMENTS:
C:\Program Files\Unity\Hub\Editor\6000.3.10f1\Editor\Unity.exe
-adb2
-batchMode
-noUpm
-name
AssetImportWorker1
-projectPath
C:/Users/PC/TOP DOWNN
-logFile
Logs/AssetImportWorker1.log
-srvPort
58507
-licensingIpc
LicenseClient-PC
-job-worker-count
9
-background-job-worker-count
8
-gc-helper-count
1
-name
AssetImport
Successfully changed project path to: C:/Users/PC/TOP DOWNN
C:/Users/PC/TOP DOWNN
[UnityMemory] Configuration Parameters - Can be set up in boot.config
    "memorysetup-temp-allocator-size-nav-mesh-worker=65536"
    "memorysetup-temp-allocator-size-audio-worker=65536"
    "memorysetup-temp-allocator-size-gfx=262144"
    "memorysetup-allocator-temp-initial-block-size-main=262144"
    "memorysetup-allocator-temp-initial-block-size-worker=262144"
    "memorysetup-temp-allocator-size-background-worker=32768"
    "memorysetup-temp-allocator-size-job-worker=262144"
    "memorysetup-temp-allocator-size-preload-manager=33554432"
    "memorysetup-temp-allocator-size-gi-baking-worker=262144"
    "memorysetup-temp-allocator-size-gi-baking-worker=262144"
    "memorysetup-temp-allocator-size-gi-baking-worker=262144"
    "memorysetup-temp-allocator-size-gi-baking-worker=262144"
    "memorysetup-temp-allocator-size-gi-baking-worker=262144"
    "memorysetup-bucket-allocator-granularity=16"
    "memorysetup-bucket-allocator-bucket-count=8"
    "memorysetup-bucket-allocator-block-size=33554432"
    "memorysetup-bucket-allocator-block-count=8"
    "memorysetup-main-allocator-block-size=16777216"
    "memorysetup-thread-allocator-block-size=16777216"
    "memorysetup-gfx-main-allocator-block-size=16777216"
    "memorysetup-gfx-thread-allocator-block-size=16777216"
    "memorysetup-cache-allocator-block-size=4194304"
    "memorysetup-typetree-allocator-block-size=2097152"
    "memorysetup-profiler-bucket-allocator-granularity=16"
    "memorysetup-profiler-bucket-allocator-bucket-count=8"
    "memorysetup-profiler-bucket-allocator-block-size=33554432"
    "memorysetup-profiler-bucket-allocator-block-count=8"
    "memorysetup-profiler-allocator-block-size=16777216"
    "memorysetup-profiler-editor-allocator-block-size=1048576"
    "memorysetup-temp-allocator-size-main=16777216"
    "memorysetup-job-temp-allocator-block-size=2097152"
    "memorysetup-job-temp-allocator-block-size-background=1048576"
    "memorysetup-job-temp-allocator-reduction-small-platforms=262144"
    "memorysetup-temp-allocator-size-cloud-worker=32768"
Player connection [30964]  Target information:

Player connection [30964]  * "[IP] 192.168.0.6 [Port] 0 [Flags] 2 [Guid] 2959292218 [EditorId] 2959292218 [Version] 1048832 [Id] WindowsEditor(7,PcGero) [Debug] 1 [PackageName] WindowsEditor [ProjectName] Editor" 

Player connection [30964] Host joined multi-casting on [225.0.0.222:54997]...
Player connection [30964] Host joined alternative multi-casting on [225.0.0.222:34997]...
JobSystem: Creating JobQueue using job-worker-count value 9
Input System module state changed to: Initialized.
[Physics::Module] Initialized fallback backend.
[Physics::Module] Id: 0xdecafbad
Library Redirect Path: Library/
[Physics::Module] Selected backend.
[Physics::Module] Name: PhysX
[Physics::Module] Id: 0xf2b8ea05
[Physics::Module] SDK Version: 4.1.2
[Physics::Module] Integration Version: 1.0.0
[Physics::Module] Threading Mode: Multi-Threaded
Refreshing native plugins compatible for Editor in 2.13 ms, found 3 plugins.
Preloading 0 native plugins for Editor in 0.00 ms.
Initialize engine version: 6000.3.10f1 (e35f0c77bd8e)
[Subsystems] Discovering subsystems at path C:/Program Files/Unity/Hub/Editor/6000.3.10f1/Editor/Data/Resources/UnitySubsystems
[Subsystems] Discovering subsystems at path C:/Users/PC/TOP DOWNN/Assets
GfxDevice: creating device client; kGfxThreadingModeNonThreaded
Direct3D:
    Version:  Direct3D 11.0 [level 11.1]
    Renderer: NVIDIA GeForce RTX 3080 Ti (ID=0x2208)
    Vendor:   NVIDIA
    VRAM:     12086 MB
    Driver:   32.0.16.1047
Initialize mono
Mono path[0] = 'C:/Program Files/Unity/Hub/Editor/6000.3.10f1/Editor/Data/Managed'
Mono path[1] = 'C:/Program Files/Unity/Hub/Editor/6000.3.10f1/Editor/Data/MonoBleedingEdge/lib/mono/unityjit-win32'
Mono config path = 'C:/Program Files/Unity/Hub/Editor/6000.3.10f1/Editor/Data/MonoBleedingEdge/etc'
Using monoOptions --debugger-agent=transport=dt_socket,embedding=1,server=y,suspend=n,address=127.0.0.1:56644
Begin MonoManager ReloadAssembly
Registering precompiled unity dll's ...
Register platform support module: C:/Program Files/Unity/Hub/Editor/6000.3.10f1/Editor/Data/PlaybackEngines/WindowsStandaloneSupport/UnityEditor.WindowsStandalone.Extensions.dll
Registered in 0.001447 seconds.
- Loaded All Assemblies, in  0.337 seconds
Native extension for WindowsStandalone target not found
[Licensing::Client] Handshaking with LicensingClient:
  Version:                 1.17.4+4293ba1
  Session Id:              09da0f54e1cf4fc49b7009d95028fbd9
  Correlation Id:          a1e3597d2b64bc70c3e0f7ab2c36fd41
  External correlation Id: 5579061926340321669
  Machine Id:              HszR+TC4f9GrCr485VK9zudsoGM=
[Licensing::Module] Successfully connected to LicensingClient on channel: "LicenseClient-PC" (connect: 0.00s, validation: 0.00s, handshake: 1.04s)
[Licensing::IpcConnector] Successfully connected to: "LicenseClient-PC-notifications" at "2026-06-25T19:33:09.9859186Z"
[Licensing::Module] Licensing Background thread has ended after 1.04s
ScheduleIndexationOnStartup MainProcess:False IndexOnStartup:True
Mono: successfully reloaded assembly
- Finished resetting the current domain, in  0.343 seconds
Domain Reload Profiling: 677ms
	BeginReloadAssembly (108ms)
		ExecutionOrderSort (0ms)
		DisableScriptedObjects (0ms)
		BackupInstance (0ms)
		ReleaseScriptingObjects (0ms)
		CreateAndSetChildDomain (1ms)
	RebuildCommonClasses (29ms)
	RebuildNativeTypeToScriptingClass (10ms)
	initialDomainReloadingComplete (41ms)
	LoadAllAssembliesAndSetupDomain (146ms)
		LoadAssemblies (106ms)
		RebuildTransferFunctionScriptingTraits (0ms)
		AnalyzeDomain (144ms)
			TypeCache.Refresh (142ms)
				TypeCache.ScanAssembly (130ms)
			BuildScriptInfoCaches (0ms)
			ResolveRequiredComponents (0ms)
	FinalizeReload (343ms)
		ReleaseScriptCaches (0ms)
		RebuildScriptCaches (0ms)
		SetupLoadedEditorAssemblies (312ms)
			LogAssemblyErrors (0ms)
			InitializePlatformSupportModulesInManaged (42ms)
			SetLoadedEditorAssemblies (4ms)
			BeforeProcessingInitializeOnLoad (73ms)
			ProcessInitializeOnLoadAttributes (133ms)
			ProcessInitializeOnLoadMethodAttributes (61ms)
			AfterProcessingInitializeOnLoad (0ms)
			EditorAssembliesLoaded (0ms)
		ExecutionOrderSort2 (0ms)
		AwakeInstancesAfterBackupRestoration (0ms)
========================================================================
Worker process is ready to serve import requests
Import Worker Mode flag is 0x00
Begin MonoManager ReloadAssembly
[Licensing::Client] Successfully resolved entitlement details
[Licensing::Module] License group:
  Id: 4674120564184-UnityPersXXXX
  Product: Unity Personal
  Type: Assigned
  Expiration: Unlimited
- Loaded All Assemblies, in  0.844 seconds
Refreshing native plugins compatible for Editor in 1.10 ms, found 3 plugins.
Native extension for WindowsStandalone target not found
Package Manager log level set to [2]
[Package Manager] Failed to launch server process. Reason: Unity was launched with the -noUpm command-line argument
[Package Manager] Unable to send message (not connected to server process).
[Package Manager] Cannot connect to Unity Package Manager local server
ScheduleIndexationOnStartup MainProcess:False IndexOnStartup:True
Mono: successfully reloaded assembly
- Finished resetting the current domain, in  0.814 seconds
Domain Reload Profiling: 1653ms
	BeginReloadAssembly (200ms)
		ExecutionOrderSort (0ms)
		DisableScriptedObjects (5ms)
		BackupInstance (0ms)
		ReleaseScriptingObjects (0ms)
		CreateAndSetChildDomain (40ms)
	RebuildCommonClasses (34ms)
	RebuildNativeTypeToScriptingClass (12ms)
	initialDomainReloadingComplete (41ms)
	LoadAllAssembliesAndSetupDomain (552ms)
		LoadAssemblies (412ms)
		RebuildTransferFunctionScriptingTraits (0ms)
		AnalyzeDomain (249ms)
			TypeCache.Refresh (180ms)
				TypeCache.ScanAssembly (164ms)
			BuildScriptInfoCaches (55ms)
			ResolveRequiredComponents (10ms)
	FinalizeReload (814ms)
		ReleaseScriptCaches (0ms)
		RebuildScriptCaches (0ms)
		SetupLoadedEditorAssemblies (605ms)
			LogAssemblyErrors (0ms)
			InitializePlatformSupportModulesInManaged (1ms)
			SetLoadedEditorAssemblies (4ms)
			BeforeProcessingInitializeOnLoad (110ms)
			ProcessInitializeOnLoadAttributes (431ms)
			ProcessInitializeOnLoadMethodAttributes (53ms)
			AfterProcessingInitializeOnLoad (5ms)
			EditorAssembliesLoaded (0ms)
		ExecutionOrderSort2 (0ms)
		AwakeInstancesAfterBackupRestoration (6ms)
Launched and connected shader compiler UnityShaderCompiler.exe after 0.01 seconds
Refreshing native plugins compatible for Editor in 0.77 ms, found 3 plugins.
Preloading 0 native plugins for Editor in 0.00 ms.
Unloading 16 Unused Serialized files (Serialized files now loaded: 0)
Unloading 6200 unused Assets / (4.3 MB). Loaded Objects now: 7018.
Memory consumption went from 150.8 MB to 146.5 MB.
Total: 8.719200 ms (FindLiveObjects: 0.571300 ms CreateObjectMapping: 0.497800 ms MarkObjects: 5.288000 ms  DeleteObjects: 2.359900 ms)

========================================================================
Received Import Request.
  Time since last request: 76760.927029 seconds.
  path: Assets/SCRIPTS/Salud.cs
  artifactKey: Guid(fe63544b300d1064e9fccf3f63deed7d) Importer(2089858483,b0f066a214c2f5e87bad3c948f4d605d)
Start importing Assets/SCRIPTS/Salud.cs using Guid(fe63544b300d1064e9fccf3f63deed7d) Importer(2089858483,b0f066a214c2f5e87bad3c948f4d605d) (ScriptedImporter) -> (artifact id: '026963f164dd112388c96377614cf792') in 0.0717056 seconds
Number of updated asset objects reloaded before import = 0Number of asset objects unloaded after import = 0

========================================================================
Received Import Request.
  Time since last request: 0.000019 seconds.
  path: Assets/PREFABS/enemigo Variant.prefab
  artifactKey: Guid(fb9990e785942744d9d54083e7515324) Importer(2089858483,b0f066a214c2f5e87bad3c948f4d605d)
Start importing Assets/PREFABS/enemigo Variant.prefab using Guid(fb9990e785942744d9d54083e7515324) Importer(2089858483,b0f066a214c2f5e87bad3c948f4d605d) (ScriptedImporter) -> (artifact id: '9ccf9525b522245fbb5b7c1793990fab') in 0.0533802 seconds
Number of updated asset objects reloaded before import = 0Number of asset objects unloaded after import = 428

========================================================================
Received Import Request.
  Time since last request: 0.000019 seconds.
  path: Assets/Scenes/escena juego.unity
  artifactKey: Guid(7147d579f909df241b9ac38890b5ad8e) Importer(2089858483,b0f066a214c2f5e87bad3c948f4d605d)
Start importing Assets/Scenes/escena juego.unity using Guid(7147d579f909df241b9ac38890b5ad8e) Importer(2089858483,b0f066a214c2f5e87bad3c948f4d605d) (ScriptedImporter) -> (artifact id: '99b4621b6d96f21894aa7bdc56620ee3') in 0.0076351 seconds
Number of updated asset objects reloaded before import = 0Number of asset objects unloaded after import = 1

========================================================================
Received Import Request.
  Time since last request: 0.000018 seconds.
  path: Assets/SCRIPTS/PowerUpVelocidad.cs
  artifactKey: Guid(3e9cb0c2500c7194f874c1d09675bb81) Importer(2089858483,b0f066a214c2f5e87bad3c948f4d605d)
Start importing Assets/SCRIPTS/PowerUpVelocidad.cs using Guid(3e9cb0c2500c7194f874c1d09675bb81) Importer(2089858483,b0f066a214c2f5e87bad3c948f4d605d) (ScriptedImporter) -> (artifact id: '8965e8a57519f729e8dbc9ff506eb7da') in 0.0027761 seconds
Number of updated asset objects reloaded before import = 0Number of asset objects unloaded after import = 0

========================================================================
Received Import Request.
  Time since last request: 136.814926 seconds.
  path: Assets/PREFABS/poder.prefab
  artifactKey: Guid(17ad8df5651b5ed4a8bd8f398afbdb57) Importer(815301076,1909f56bfc062723c751e8b465ee728b)
Start importing Assets/PREFABS/poder.prefab using Guid(17ad8df5651b5ed4a8bd8f398afbdb57) Importer(815301076,1909f56bfc062723c751e8b465ee728b) (PreviewImporter) -> (artifact id: 'a7d80414b20ab57cef86789d7820992d') in 0.3579838 seconds
Number of updated asset objects reloaded before import = 0Number of asset objects unloaded after import = 10

========================================================================
Received Import Request.
  Time since last request: 480.595123 seconds.
  path: Assets/Stocklancer/ArachnidAlienHead_Lite
  artifactKey: Guid(67ff10bc6c69ff6499c59e60daa84c74) Importer(2089858483,b0f066a214c2f5e87bad3c948f4d605d)
Start importing Assets/Stocklancer/ArachnidAlienHead_Lite using Guid(67ff10bc6c69ff6499c59e60daa84c74) Importer(2089858483,b0f066a214c2f5e87bad3c948f4d605d) (ScriptedImporter) -> (artifact id: '44f2c021a4381eb8d86144c3e5030c2b') in 0.0042017 seconds
Number of updated asset objects reloaded before import = 0Number of asset objects unloaded after import = 1

========================================================================
Received Import Request.
  Time since last request: 0.000043 seconds.
  path: Assets/Stocklancer/ArachnidAlienHead_Lite/Textures
  artifactKey: Guid(20bfb591dcc8ea144b8fb659ca606bf9) Importer(2089858483,b0f066a214c2f5e87bad3c948f4d605d)
Start importing Assets/Stocklancer/ArachnidAlienHead_Lite/Textures using Guid(20bfb591dcc8ea144b8fb659ca606bf9) Importer(2089858483,b0f066a214c2f5e87bad3c948f4d605d) (ScriptedImporter) -> (artifact id: '515e8744f5431a65f8cc084ccb2c9be8') in 0.0023202 seconds
Number of updated asset objects reloaded before import = 0Number of asset objects unloaded after import = 1

========================================================================
Received Import Request.
  Time since last request: 0.000025 seconds.
  path: Assets/Stocklancer/ArachnidAlienHead_Lite/Material/URP_ArachnidAlienHeadLite.shadergraph
  artifactKey: Guid(45da9452f41fddd4590dce83ec3d3ac6) Importer(2089858483,b0f066a214c2f5e87bad3c948f4d605d)
Start importing Assets/Stocklancer/ArachnidAlienHead_Lite/Material/URP_ArachnidAlienHeadLite.shadergraph using Guid(45da9452f41fddd4590dce83ec3d3ac6) Importer(2089858483,b0f066a214c2f5e87bad3c948f4d605d) (ScriptedImporter) -> (artifact id: 'e4f21973d92c2c8e068a65c94c521307') in 0.1502072 seconds
Number of updated asset objects reloaded before import = 0Number of asset objects unloaded after import = 8

========================================================================
Received Import Request.
  Time since last request: 0.000038 seconds.
  path: Assets/Stocklancer/ArachnidAlienHead_Lite/Demo/Settings/Performant_PipelineAsset.asset
  artifactKey: Guid(045e4046b30718645a143381a443c8a9) Importer(2089858483,b0f066a214c2f5e87bad3c948f4d605d)
Start importing Assets/Stocklancer/ArachnidAlienHead_Lite/Demo/Settings/Performant_PipelineAsset.asset using Guid(045e4046b30718645a143381a443c8a9) Importer(2089858483,b0f066a214c2f5e87bad3c948f4d605d) (ScriptedImporter) -> (artifact id: '0a4e7413ed177f78bd001b3e12f06031') in 0.0492027 seconds
Number of updated asset objects reloaded before import = 0Number of asset objects unloaded after import = 2

========================================================================
Received Import Request.
  Time since last request: 0.000031 seconds.
  path: Assets/Stocklancer/ArachnidAlienHead_Lite/Demo/Settings/Balanced_PipelineAsset_ForwardRenderer.asset
  artifactKey: Guid(1f71e4acf9ae65b4bab6936d618c1d2b) Importer(2089858483,b0f066a214c2f5e87bad3c948f4d605d)
Start importing Assets/Stocklancer/ArachnidAlienHead_Lite/Demo/Settings/Balanced_PipelineAsset_ForwardRenderer.asset using Guid(1f71e4acf9ae65b4bab6936d618c1d2b) Importer(2089858483,b0f066a214c2f5e87bad3c948f4d605d) (ScriptedImporter) -> (artifact id: 'b9ebd90afb302c8bfc482ed216ee07b1') in 0.0146519 seconds
Number of updated asset objects reloaded before import = 0Number of asset objects unloaded after import = 1

========================================================================
Received Import Request.
  Time since last request: 0.000021 seconds.
  path: Assets/Stocklancer/ArachnidAlienHead_Lite/Material/HDRP_ArachnidAlienHeadLite.shadergraph
  artifactKey: Guid(b1ef3aa96a1aa7143b85017fe92e3566) Importer(2089858483,b0f066a214c2f5e87bad3c948f4d605d)
Start importing Assets/Stocklancer/ArachnidAlienHead_Lite/Material/HDRP_ArachnidAlienHeadLite.shadergraph using Guid(b1ef3aa96a1aa7143b85017fe92e3566) Importer(2089858483,b0f066a214c2f5e87bad3c948f4d605d) (ScriptedImporter) -> (artifact id: 'a7aaab0e955bf0e511ae947d760323db') in 0.0072389 seconds
Number of updated asset objects reloaded before import = 0Number of asset objects unloaded after import = 6

========================================================================
Received Import Request.
  Time since last request: 0.000018 seconds.
  path: Assets/Stocklancer/ArachnidAlienHead_Lite/Demo/Scenes 1/ArachnidAlienHeadLite_DemoScene.unity
  artifactKey: Guid(b98bfdde8ce75694c862eadf62acd606) Importer(2089858483,b0f066a214c2f5e87bad3c948f4d605d)
Start importing Assets/Stocklancer/ArachnidAlienHead_Lite/Demo/Scenes 1/ArachnidAlienHeadLite_DemoScene.unity using Guid(b98bfdde8ce75694c862eadf62acd606) Importer(2089858483,b0f066a214c2f5e87bad3c948f4d605d) (ScriptedImporter) -> (artifact id: 'a3631c8a91b95dcba1481f296de6ef81') in 0.0033619 seconds
Number of updated asset objects reloaded before import = 0Number of asset objects unloaded after import = 1

========================================================================
Received Import Request.
  Time since last request: 0.000021 seconds.
  path: Assets/Stocklancer/ArachnidAlienHead_Lite/Demo/Scenes 1/ArachnidAlienHead_DemoScene/Global Volume Profile.asset
  artifactKey: Guid(425f3c3339a8b5143812199e573f3cef) Importer(2089858483,b0f066a214c2f5e87bad3c948f4d605d)
Start importing Assets/Stocklancer/ArachnidAlienHead_Lite/Demo/Scenes 1/ArachnidAlienHead_DemoScene/Global Volume Profile.asset using Guid(425f3c3339a8b5143812199e573f3cef) Importer(2089858483,b0f066a214c2f5e87bad3c948f4d605d) (ScriptedImporter) -> (artifact id: '6a85fa86503c906202c4f7429f2f5a2e') in 0.0034379 seconds
Number of updated asset objects reloaded before import = 0Number of asset objects unloaded after import = 2

========================================================================
Received Import Request.
  Time since last request: 0.000017 seconds.
  path: Assets/Stocklancer/ArachnidAlienHead_Lite/Animation/AS_ArachnicAlienHead_WalkL_Lite.fbx
  artifactKey: Guid(78bec899c388c474fa445c0868f53e7d) Importer(2089858483,b0f066a214c2f5e87bad3c948f4d605d)
Start importing Assets/Stocklancer/ArachnidAlienHead_Lite/Animation/AS_ArachnicAlienHead_WalkL_Lite.fbx using Guid(78bec899c388c474fa445c0868f53e7d) Importer(2089858483,b0f066a214c2f5e87bad3c948f4d605d) (ScriptedImporter) -> (artifact id: '8aee25aa265855e4224114cd937e4880') in 0.0247584 seconds
Number of updated asset objects reloaded before import = 0Number of asset objects unloaded after import = 78

========================================================================
Received Import Request.
  Time since last request: 0.000068 seconds.
  path: Assets/Stocklancer/ArachnidAlienHead_Lite/Animation/AnimPreviewLite.controller
  artifactKey: Guid(406c6cd968ce03b48aeeb486a2186c8d) Importer(2089858483,b0f066a214c2f5e87bad3c948f4d605d)
Start importing Assets/Stocklancer/ArachnidAlienHead_Lite/Animation/AnimPreviewLite.controller using Guid(406c6cd968ce03b48aeeb486a2186c8d) Importer(2089858483,b0f066a214c2f5e87bad3c948f4d605d) (ScriptedImporter) -> (artifact id: '5294d373fbb570a3cdc41304a9d93e0f') in 0.0052629 seconds
Number of updated asset objects reloaded before import = 0Number of asset objects unloaded after import = 4

========================================================================
Received Import Request.
  Time since last request: 0.000043 seconds.
  path: Assets/Stocklancer/ArachnidAlienHead_Lite/Animation/AS_ArachnicAlienHead_BasicJump_Lite.fbx
  artifactKey: Guid(a9a761e0d7121434c81cfa2d3b8d605f) Importer(2089858483,b0f066a214c2f5e87bad3c948f4d605d)
Start importing Assets/Stocklancer/ArachnidAlienHead_Lite/Animation/AS_ArachnicAlienHead_BasicJump_Lite.fbx using Guid(a9a761e0d7121434c81cfa2d3b8d605f) Importer(2089858483,b0f066a214c2f5e87bad3c948f4d605d) (ScriptedImporter) -> (artifact id: 'b4f30c5bc62f12f06d9aa92661bbdbd9') in 0.0102066 seconds
Number of updated asset objects reloaded before import = 0Number of asset objects unloaded after import = 78

========================================================================
Received Import Request.
  Time since last request: 0.000022 seconds.
  path: Assets/Stocklancer/ArachnidAlienHead_Lite/Mesh/SKM_ArachnidAlienHead_Lite.fbx
  artifactKey: Guid(060362b26ada52548a4f0aa2af51d12f) Importer(2089858483,b0f066a214c2f5e87bad3c948f4d605d)
Start importing Assets/Stocklancer/ArachnidAlienHead_Lite/Mesh/SKM_ArachnidAlienHead_Lite.fbx using Guid(060362b26ada52548a4f0aa2af51d12f) Importer(2089858483,b0f066a214c2f5e87bad3c948f4d605d) (ScriptedImporter) -> (artifact id: '1fe17621fbaeb9a5538f6c3061fd59a8') in 0.024161 seconds
Number of updated asset objects reloaded before import = 0Number of asset objects unloaded after import = 83

========================================================================
Received Import Request.
  Time since last request: 0.000025 seconds.
  path: Assets/Stocklancer/ArachnidAlienHead_Lite/Demo/Scenes 1/ArachnidAlienHead_DemoScene
  artifactKey: Guid(e2b7c282a74a3fa45a7e1b48cd416b9b) Importer(2089858483,b0f066a214c2f5e87bad3c948f4d605d)
Start importing Assets/Stocklancer/ArachnidAlienHead_Lite/Demo/Scenes 1/ArachnidAlienHead_DemoScene using Guid(e2b7c282a74a3fa45a7e1b48cd416b9b) Importer(2089858483,b0f066a214c2f5e87bad3c948f4d605d) (ScriptedImporter) -> (artifact id: '4a16d904945090c292f36676e020c227') in 0.0033836 seconds
Number of updated asset objects reloaded before import = 0Number of asset objects unloaded after import = 1

========================================================================
Received Import Request.
  Time since last request: 0.000026 seconds.
  path: Assets/Stocklancer/ArachnidAlienHead_Lite/Material/URP_ArachnicAlienHeadLite 1.mat
  artifactKey: Guid(863bc21d8e09b2947b9a2bdb62943225) Importer(2089858483,b0f066a214c2f5e87bad3c948f4d605d)
Start importing Assets/Stocklancer/ArachnidAlienHead_Lite/Material/URP_ArachnicAlienHeadLite 1.mat using Guid(863bc21d8e09b2947b9a2bdb62943225) Importer(2089858483,b0f066a214c2f5e87bad3c948f4d605d) (ScriptedImporter) -> (artifact id: 'b1756800417afbab3bca6074b2c0da95') in 0.0168978 seconds
Number of updated asset objects reloaded before import = 0Number of asset objects unloaded after import = 9

========================================================================
Received Import Request.
  Time since last request: 0.000043 seconds.
  path: Assets/Stocklancer/ArachnidAlienHead_Lite/Prefabs
  artifactKey: Guid(d1acdfd5475f7d34297f370e4eaefaae) Importer(2089858483,b0f066a214c2f5e87bad3c948f4d605d)
Start importing Assets/Stocklancer/ArachnidAlienHead_Lite/Prefabs using Guid(d1acdfd5475f7d34297f370e4eaefaae) Importer(2089858483,b0f066a214c2f5e87bad3c948f4d605d) (ScriptedImporter) -> (artifact id: '820775edc7646e27688e382d86595dcc') in 0.0034526 seconds
Number of updated asset objects reloaded before import = 0Number of asset objects unloaded after import = 1

========================================================================
Received Import Request.
  Time since last request: 0.000028 seconds.
  path: Assets/Stocklancer/ArachnidAlienHead_Lite/Animation/AS_ArachnicAlienHead_TakeHit_Lite.fbx
  artifactKey: Guid(73762fb1da1d0b0458d04f1150913426) Importer(2089858483,b0f066a214c2f5e87bad3c948f4d605d)
Start importing Assets/Stocklancer/ArachnidAlienHead_Lite/Animation/AS_ArachnicAlienHead_TakeHit_Lite.fbx using Guid(73762fb1da1d0b0458d04f1150913426) Importer(2089858483,b0f066a214c2f5e87bad3c948f4d605d) (ScriptedImporter) -> (artifact id: 'b04500d632590b364c238e25328bb39d') in 0.0099625 seconds
Number of updated asset objects reloaded before import = 0Number of asset objects unloaded after import = 78

========================================================================
Received Import Request.
  Time since last request: 0.000033 seconds.
  path: Assets/Stocklancer/ArachnidAlienHead_Lite/Animation/AS_ArachnicAlienHead_WalkR_Lite.fbx
  artifactKey: Guid(742e3c78f1da7ab4fa181f102605b3fd) Importer(2089858483,b0f066a214c2f5e87bad3c948f4d605d)
Start importing Assets/Stocklancer/ArachnidAlienHead_Lite/Animation/AS_ArachnicAlienHead_WalkR_Lite.fbx using Guid(742e3c78f1da7ab4fa181f102605b3fd) Importer(2089858483,b0f066a214c2f5e87bad3c948f4d605d) (ScriptedImporter) -> (artifact id: '9181ef9265392ba288d27e5d2591cbff') in 0.0103629 seconds
Number of updated asset objects reloaded before import = 0Number of asset objects unloaded after import = 78

========================================================================
Received Import Request.
  Time since last request: 0.000018 seconds.
  path: Assets/Stocklancer/ArachnidAlienHead_Lite/Textures/T_ArachnidHead_Lite1K_ORE_Blood.png
  artifactKey: Guid(53248f2c7ea9c6748a50baf3d2276059) Importer(2089858483,b0f066a214c2f5e87bad3c948f4d605d)
Start importing Assets/Stocklancer/ArachnidAlienHead_Lite/Textures/T_ArachnidHead_Lite1K_ORE_Blood.png using Guid(53248f2c7ea9c6748a50baf3d2276059) Importer(2089858483,b0f066a214c2f5e87bad3c948f4d605d) (ScriptedImporter) -> (artifact id: 'bde122e4e5c02418e66128ac87b798b7') in 0.0304435 seconds
Number of updated asset objects reloaded before import = 0Number of asset objects unloaded after import = 1

========================================================================
Received Import Request.
  Time since last request: 4.451225 seconds.
  path: Assets/MODELOS/Stocklancer/ArachnidAlienHead_Lite/Demo
  artifactKey: Guid(f3ba46ca519823f47928bdbfad29cfae) Importer(2089858483,b0f066a214c2f5e87bad3c948f4d605d)
Start importing Assets/MODELOS/Stocklancer/ArachnidAlienHead_Lite/Demo using Guid(f3ba46ca519823f47928bdbfad29cfae) Importer(2089858483,b0f066a214c2f5e87bad3c948f4d605d) (ScriptedImporter) -> (artifact id: 'ab4fdc78ae58ec33c2284a65a5e2a7b7') in 0.0026178 seconds
Number of updated asset objects reloaded before import = 0Number of asset objects unloaded after import = 1

========================================================================
Received Import Request.
  Time since last request: 0.000031 seconds.
  path: Assets/MODELOS/Stocklancer/ArachnidAlienHead_Lite/Prefabs/AnimPreview.prefab
  artifactKey: Guid(5989422cb4c503d4f947d7705f01df64) Importer(2089858483,b0f066a214c2f5e87bad3c948f4d605d)
Start importing Assets/MODELOS/Stocklancer/ArachnidAlienHead_Lite/Prefabs/AnimPreview.prefab using Guid(5989422cb4c503d4f947d7705f01df64) Importer(2089858483,b0f066a214c2f5e87bad3c948f4d605d) (ScriptedImporter) -> (artifact id: '5ba6d2779e38306ee3a5b8b40d0f7ebd') in 0.0076904 seconds
Number of updated asset objects reloaded before import = 0Number of asset objects unloaded after import = 87

========================================================================
Received Import Request.
  Time since last request: 0.000016 seconds.
  path: Assets/MODELOS/Stocklancer/ArachnidAlienHead_Lite/Animation/AS_ArachnicAlienHead_Dead_Lite.fbx
  artifactKey: Guid(173f5445f4e0035418a9420277c15de4) Importer(2089858483,b0f066a214c2f5e87bad3c948f4d605d)
Start importing Assets/MODELOS/Stocklancer/ArachnidAlienHead_Lite/Animation/AS_ArachnicAlienHead_Dead_Lite.fbx using Guid(173f5445f4e0035418a9420277c15de4) Importer(2089858483,b0f066a214c2f5e87bad3c948f4d605d) (ScriptedImporter) -> (artifact id: 'bba8b5c98bdfad69593b89fd900f0705') in 0.0068204 seconds
Number of updated asset objects reloaded before import = 0Number of asset objects unloaded after import = 78

========================================================================
Received Import Request.
  Time since last request: 0.000026 seconds.
  path: Assets/MODELOS/Stocklancer/ArachnidAlienHead_Lite/Textures/T_ArachnidHead_Lite1K_N.png
  artifactKey: Guid(d17a44c039bce0c49a4a45a9bc2fa52d) Importer(2089858483,b0f066a214c2f5e87bad3c948f4d605d)
Start importing Assets/MODELOS/Stocklancer/ArachnidAlienHead_Lite/Textures/T_ArachnidHead_Lite1K_N.png using Guid(d17a44c039bce0c49a4a45a9bc2fa52d) Importer(2089858483,b0f066a214c2f5e87bad3c948f4d605d) (ScriptedImporter) -> (artifact id: '4db7878399909b3951f5c17b6ab4058d') in 0.0052182 seconds
Number of updated asset objects reloaded before import = 0Number of asset objects unloaded after import = 1

========================================================================
Received Import Request.
  Time since last request: 0.000028 seconds.
  path: Assets/MODELOS/Stocklancer
  artifactKey: Guid(9908094a9136ea9499083edca547899b) Importer(2089858483,b0f066a214c2f5e87bad3c948f4d605d)
Start importing Assets/MODELOS/Stocklancer using Guid(9908094a9136ea9499083edca547899b) Importer(2089858483,b0f066a214c2f5e87bad3c948f4d605d) (ScriptedImporter) -> (artifact id: '36e1bf3d488ff7d717b5e719c8c4e2d7') in 0.0027611 seconds
Number of updated asset objects reloaded before import = 0Number of asset objects unloaded after import = 1

========================================================================
Received Import Request.
  Time since last request: 0.000023 seconds.
  path: Assets/MODELOS/Stocklancer/ArachnidAlienHead_Lite/Prefabs/SKM_ArachnidAlienHead_Lite.prefab
  artifactKey: Guid(ee62504fd848ec34dba5af6ba5c60421) Importer(2089858483,b0f066a214c2f5e87bad3c948f4d605d)
Start importing Assets/MODELOS/Stocklancer/ArachnidAlienHead_Lite/Prefabs/SKM_ArachnidAlienHead_Lite.prefab using Guid(ee62504fd848ec34dba5af6ba5c60421) Importer(2089858483,b0f066a214c2f5e87bad3c948f4d605d) (ScriptedImporter) -> (artifact id: 'b38d75079a0b8e24325ed43c240b7ca8') in 0.0055184 seconds
Number of updated asset objects reloaded before import = 0Number of asset objects unloaded after import = 82

========================================================================
Received Import Request.
  Time since last request: 0.000031 seconds.
  path: Assets/MODELOS/Stocklancer/ArachnidAlienHead_Lite/Demo/Scenes 1/ArachnidAlienHeadLite_DemoScene.unity
  artifactKey: Guid(b98bfdde8ce75694c862eadf62acd606) Importer(2089858483,b0f066a214c2f5e87bad3c948f4d605d)
Start importing Assets/MODELOS/Stocklancer/ArachnidAlienHead_Lite/Demo/Scenes 1/ArachnidAlienHeadLite_DemoScene.unity using Guid(b98bfdde8ce75694c862eadf62acd606) Importer(2089858483,b0f066a214c2f5e87bad3c948f4d605d) (ScriptedImporter) -> (artifact id: 'cf1d92ec6c88a792d31091377a50ee7d') in 0.0031864 seconds
Number of updated asset objects reloaded before import = 0Number of asset objects unloaded after import = 1

========================================================================
Received Import Request.
  Time since last request: 0.000038 seconds.
  path: Assets/MODELOS/Stocklancer/ArachnidAlienHead_Lite/Animation/AS_ArachnicAlienHead_WalkBW _Lite.fbx
  artifactKey: Guid(c9b633571edba434dbbcb4b19ced2c9c) Importer(2089858483,b0f066a214c2f5e87bad3c948f4d605d)
Start importing Assets/MODELOS/Stocklancer/ArachnidAlienHead_Lite/Animation/AS_ArachnicAlienHead_WalkBW _Lite.fbx using Guid(c9b633571edba434dbbcb4b19ced2c9c) Importer(2089858483,b0f066a214c2f5e87bad3c948f4d605d) (ScriptedImporter) -> (artifact id: '4604f4fffe7b644f0c2557c15d609eda') in 0.0100142 seconds
Number of updated asset objects reloaded before import = 0Number of asset objects unloaded after import = 78

========================================================================
Received Import Request.
  Time since last request: 0.000017 seconds.
  path: Assets/MODELOS/Stocklancer/ArachnidAlienHead_Lite/Mesh/SKM_ArachnidAlienHead_Lite.fbx
  artifactKey: Guid(060362b26ada52548a4f0aa2af51d12f) Importer(2089858483,b0f066a214c2f5e87bad3c948f4d605d)
Start importing Assets/MODELOS/Stocklancer/ArachnidAlienHead_Lite/Mesh/SKM_ArachnidAlienHead_Lite.fbx using Guid(060362b26ada52548a4f0aa2af51d12f) Importer(2089858483,b0f066a214c2f5e87bad3c948f4d605d) (ScriptedImporter) -> (artifact id: '2fd8ce15221d5d1fc905e76b0aa5376a') in 0.0114684 seconds
Number of updated asset objects reloaded before import = 0Number of asset objects unloaded after import = 83

========================================================================
Received Import Request.
  Time since last request: 0.000022 seconds.
  path: Assets/MODELOS/Stocklancer/ArachnidAlienHead_Lite/Material/HDRP_ArachnicAlienHeadLite.mat
  artifactKey: Guid(29f5a83ee28710b4a9867c1725f0dc27) Importer(2089858483,b0f066a214c2f5e87bad3c948f4d605d)
Start importing Assets/MODELOS/Stocklancer/ArachnidAlienHead_Lite/Material/HDRP_ArachnicAlienHeadLite.mat using Guid(29f5a83ee28710b4a9867c1725f0dc27) Importer(2089858483,b0f066a214c2f5e87bad3c948f4d605d) (ScriptedImporter) -> (artifact id: '334adcad7e2b9ebf43ccfb2db82cbb16') in 0.0094309 seconds
Number of updated asset objects reloaded before import = 0Number of asset objects unloaded after import = 5

========================================================================
Received Import Request.
  Time since last request: 0.000018 seconds.
  path: Assets/MODELOS/Stocklancer/ArachnidAlienHead_Lite/Demo/Settings/High Fidelity_PipelineAsset.asset
  artifactKey: Guid(6bfdb2a410386594facfda3b8e5849dc) Importer(2089858483,b0f066a214c2f5e87bad3c948f4d605d)
Start importing Assets/MODELOS/Stocklancer/ArachnidAlienHead_Lite/Demo/Settings/High Fidelity_PipelineAsset.asset using Guid(6bfdb2a410386594facfda3b8e5849dc) Importer(2089858483,b0f066a214c2f5e87bad3c948f4d605d) (ScriptedImporter) -> (artifact id: 'f31ec9f453b70a57a6a7daf136baf8df') in 0.0079141 seconds
Number of updated asset objects reloaded before import = 0Number of asset objects unloaded after import = 2

========================================================================
Received Import Request.
  Time since last request: 8.819219 seconds.
  path: Assets/MODELOS/Stocklancer/ArachnidAlienHead_Lite/Prefabs/SKM_ArachnidAlienHead_Lite.prefab
  artifactKey: Guid(ee62504fd848ec34dba5af6ba5c60421) Importer(815301076,1909f56bfc062723c751e8b465ee728b)
Start importing Assets/MODELOS/Stocklancer/ArachnidAlienHead_Lite/Prefabs/SKM_ArachnidAlienHead_Lite.prefab using Guid(ee62504fd848ec34dba5af6ba5c60421) Importer(815301076,1909f56bfc062723c751e8b465ee728b) (PreviewImporter) -> (artifact id: '8ce20bc2487dea41623e7cf7fe121ce6') in 2.2589512 seconds
Number of updated asset objects reloaded before import = 0Number of asset objects unloaded after import = 91

========================================================================
Received Import Request.
  Time since last request: 22.302244 seconds.
  path: Assets/MODELOS/Stocklancer/ArachnidAlienHead_Lite/Animation/AS_ArachnicAlienHead_BasicJump_Lite.fbx
  artifactKey: Guid(a9a761e0d7121434c81cfa2d3b8d605f) Importer(815301076,1909f56bfc062723c751e8b465ee728b)
Start importing Assets/MODELOS/Stocklancer/ArachnidAlienHead_Lite/Animation/AS_ArachnicAlienHead_BasicJump_Lite.fbx using Guid(a9a761e0d7121434c81cfa2d3b8d605f) Importer(815301076,1909f56bfc062723c751e8b465ee728b) (PreviewImporter) -> (artifact id: '53351153baabe1e62aedb148f7497280') in 0.0043003 seconds
Number of updated asset objects reloaded before import = 0Number of asset objects unloaded after import = 77

========================================================================
Received Import Request.
  Time since last request: 0.000018 seconds.
  path: Assets/MODELOS/Stocklancer/ArachnidAlienHead_Lite/Animation/AS_ArachnicAlienHead_WalkR_Lite.fbx
  artifactKey: Guid(742e3c78f1da7ab4fa181f102605b3fd) Importer(815301076,1909f56bfc062723c751e8b465ee728b)
Start importing Assets/MODELOS/Stocklancer/ArachnidAlienHead_Lite/Animation/AS_ArachnicAlienHead_WalkR_Lite.fbx using Guid(742e3c78f1da7ab4fa181f102605b3fd) Importer(815301076,1909f56bfc062723c751e8b465ee728b) (PreviewImporter) -> (artifact id: '3a9908e8024c102c162a04bb43cd9bf5') in 0.0028576 seconds
Number of updated asset objects reloaded before import = 0Number of asset objects unloaded after import = 77

Editor requested this worker to shutdown with reason: Scaling down because of idle timeout
AssetImportWorker is now disconnected from the server
Process exiting
Exiting without the bug reporter. Application will terminate with return code 0